<?xml version="1.0" encoding="UTF-8"?>
<!-- Generated by org.testng.reporters.JUnitReportReporter -->
<testsuite hostname="DESKTOP-JUEM5Q3" failures="0" tests="1" name="ArekCompany.SeleniumFrameworkDesigne.SubmitOrder" time="7.848" errors="0" timestamp="2023-03-31T16:16:16 CEST" skipped="0">
  <testcase classname="ArekCompany.SeleniumFrameworkDesigne.SubmitOrder" name="submitOrder" time="7.848"/>
  <system-out/>
</testsuite> <!-- ArekCompany.SeleniumFrameworkDesigne.SubmitOrder -->
