<?xml version="1.0" encoding="UTF-8"?>
<!-- Generated by org.testng.reporters.JUnitReportReporter -->
<testsuite hostname="DESKTOP-JUEM5Q3" failures="0" tests="2" name="ArekCompany.SeleniumFrameworkDesigne.SubmitOrderTest" time="13.404" errors="0" timestamp="2023-03-31T16:36:10 CEST" skipped="0">
  <testcase classname="ArekCompany.SeleniumFrameworkDesigne.SubmitOrderTest" name="SubmitOrder" time="7.818"/>
  <system-out/>
  <testcase classname="ArekCompany.SeleniumFrameworkDesigne.SubmitOrderTest" name="OrderHistoryTest" time="5.586"/>
  <system-out/>
</testsuite> <!-- ArekCompany.SeleniumFrameworkDesigne.SubmitOrderTest -->
