<?xml version="1.0" encoding="UTF-8"?>
<!-- Generated by org.testng.reporters.JUnitReportReporter -->
<testsuite hostname="DESKTOP-JUEM5Q3" failures="0" tests="1" name="ArekCompany.SeleniumFrameworkDesigne.ErrorValidation" time="6.001" errors="0" timestamp="2023-03-31T16:16:16 CEST" skipped="0">
  <testcase classname="ArekCompany.SeleniumFrameworkDesigne.ErrorValidation" name="LoginErrorValidation" time="6.001"/>
  <system-out/>
</testsuite> <!-- ArekCompany.SeleniumFrameworkDesigne.ErrorValidation -->
