<?xml version="1.0" encoding="UTF-8"?>
<!-- Generated by org.testng.reporters.JUnitReportReporter -->
<testsuite hostname="DESKTOP-JUEM5Q3" failures="0" tests="1" name="ArekCompany.SeleniumFrameworkDesigne.StandAloneTest" time="8.379" errors="0" timestamp="2023-03-31T15:24:06 CEST" skipped="0">
  <testcase classname="ArekCompany.SeleniumFrameworkDesigne.StandAloneTest" name="submitOrder" time="8.379"/>
  <system-out/>
</testsuite> <!-- ArekCompany.SeleniumFrameworkDesigne.StandAloneTest -->
